<?xml version="1.0" encoding="UTF-8"?>
<testng-results total="1" passed="1" failed="0" skipped="0">
  <reporter-output>
  </reporter-output>
  <suite started-at="2021-08-11T01:47:32Z" name="Surefire suite" finished-at="2021-08-11T01:47:32Z" duration-ms="31">
    <groups>
    </groups>
    <test started-at="2021-08-11T01:47:32Z" name="Surefire test" finished-at="2021-08-11T01:47:32Z" duration-ms="31">
      <class name="com.qa.tests.LoginTest">
        <test-method signature="test1()[pri:0, instance:com.qa.tests.LoginTest@708f5957]" started-at="2021-08-11T07:17:32Z" name="test1" finished-at="2021-08-11T07:17:32Z" duration-ms="14" status="PASS">
          <reporter-output>
          </reporter-output>
        </test-method> <!-- test1 -->
      </class> <!-- com.qa.tests.LoginTest -->
    </test> <!-- Surefire test -->
  </suite> <!-- Surefire suite -->
</testng-results>
