<?xml version="1.0" encoding="UTF-8"?>
<testng-results total="1" passed="1" failed="0" skipped="0">
  <reporter-output>
  </reporter-output>
  <suite started-at="2021-08-11T04:40:30Z" name="Suite" finished-at="2021-08-11T04:40:30Z" duration-ms="51">
    <groups>
    </groups>
    <test started-at="2021-08-11T04:40:30Z" name="Test" finished-at="2021-08-11T04:40:30Z" duration-ms="51">
      <class name="com.qa.tests.LoginTest">
        <test-method signature="test1()[pri:0, instance:com.qa.tests.LoginTest@797b0699]" started-at="2021-08-11T10:10:30Z" name="test1" finished-at="2021-08-11T10:10:30Z" duration-ms="23" status="PASS">
          <reporter-output>
          </reporter-output>
        </test-method> <!-- test1 -->
      </class> <!-- com.qa.tests.LoginTest -->
    </test> <!-- Test -->
  </suite> <!-- Suite -->
</testng-results>
