<?xml version="1.0" encoding="UTF-8"?>
<testng-results total="1" passed="1" failed="0" skipped="0">
  <reporter-output>
  </reporter-output>
  <suite started-at="2021-08-11T01:45:10Z" name="Default suite" finished-at="2021-08-11T01:45:10Z" duration-ms="62">
    <groups>
    </groups>
    <test started-at="2021-08-11T01:45:10Z" name="Default test" finished-at="2021-08-11T01:45:10Z" duration-ms="62">
      <class name="com.qa.tests.LoginTest">
        <test-method signature="test1()[pri:0, instance:com.qa.tests.LoginTest@55c53a33]" started-at="2021-08-11T07:15:10Z" name="test1" finished-at="2021-08-11T07:15:10Z" duration-ms="26" status="PASS">
          <reporter-output>
          </reporter-output>
        </test-method> <!-- test1 -->
      </class> <!-- com.qa.tests.LoginTest -->
    </test> <!-- Default test -->
  </suite> <!-- Default suite -->
</testng-results>
